[2020-06-03T19:57:20+08:00][sql] CONNECT:[ UseTime:0.009836s ] mysql:host=127.0.0.1;port=3306;dbname=lemocms_111;charset=utf8mb4
[2020-06-03T19:57:20+08:00][sql] SHOW FULL COLUMNS FROM `lm_auth_rule` [ RunTime:0.002554s ]
[2020-06-03T19:57:20+08:00][sql] SELECT `href`,`href` FROM `lm_auth_rule` [ RunTime:0.000414s ]
[2020-06-03T19:57:20+08:00][sql] CONNECT:[ UseTime:0.002220s ] mysql:host=127.0.0.1;port=3306;dbname=lemocms_111;charset=utf8mb4
[2020-06-03T19:57:20+08:00][sql] SHOW FULL COLUMNS FROM `lm_auth_rule` [ RunTime:0.002739s ]
[2020-06-03T19:57:20+08:00][sql] SELECT `href`,`href` FROM `lm_auth_rule` [ RunTime:0.000416s ]
[2020-06-03T19:57:20+08:00][sql] SELECT * FROM `lm_auth_rule` WHERE  `href` = 'admin/sys.addon/index' LIMIT 1 [ RunTime:0.000595s ]
[2020-06-03T19:57:20+08:00][sql] SHOW FULL COLUMNS FROM `lm_admin_log` [ RunTime:0.001909s ]
[2020-06-03T19:57:20+08:00][sql] INSERT INTO `lm_admin_log` SET `log_title` = '插件列表' , `log_content` = '点击菜单' , `log_url` = '/admin/sys.addon/index.html' , `admin_id` = 1 , `username` = 'admin' , `log_agent` = 'Mozilla/5.0 (Windows NT 10.0; Win64; x64) AppleWebKit/537.36 (KHTML, like Gecko) Chrome/83.0.4103.61 Safari/537.36 Edg/83.0.478.37' , `log_ip` = '127.0.0.1' , `create_time` = 1591185440 , `update_time` = 1591185440 [ RunTime:0.000325s ]
[2020-06-03T19:57:21+08:00][sql] CONNECT:[ UseTime:0.001044s ] mysql:host=127.0.0.1;port=3306;dbname=lemocms_111;charset=utf8mb4
[2020-06-03T19:57:21+08:00][sql] SHOW FULL COLUMNS FROM `lm_auth_rule` [ RunTime:0.001790s ]
[2020-06-03T19:57:21+08:00][sql] SELECT `href`,`href` FROM `lm_auth_rule` [ RunTime:0.000260s ]
[2020-06-03T19:57:21+08:00][sql] SHOW FULL COLUMNS FROM `lm_addon` [ RunTime:0.002015s ]
[2020-06-03T19:57:21+08:00][sql] SELECT * FROM `lm_addon` ORDER BY `id` DESC [ RunTime:0.000238s ]
[2020-06-03T19:57:43+08:00][sql] CONNECT:[ UseTime:0.011546s ] mysql:host=127.0.0.1;port=3306;dbname=lemocms_111;charset=utf8mb4
[2020-06-03T19:57:43+08:00][sql] SHOW FULL COLUMNS FROM `lm_auth_rule` [ RunTime:0.059093s ]
[2020-06-03T19:57:43+08:00][sql] SELECT `href`,`href` FROM `lm_auth_rule` [ RunTime:0.000416s ]
[2020-06-03T19:57:43+08:00][sql] SHOW FULL COLUMNS FROM `lm_addon` [ RunTime:0.001989s ]
[2020-06-03T19:57:43+08:00][sql] SELECT * FROM `lm_addon` WHERE  `name` = 'database' LIMIT 1 [ RunTime:0.000424s ]
[2020-06-03T19:57:43+08:00][sql] DELETE FROM `lm_addon` WHERE  `id` = 1 [ RunTime:0.000388s ]
[2020-06-03T19:57:43+08:00][sql] SELECT * FROM `lm_auth_rule` WHERE  `href` = 'admin/database' LIMIT 1 [ RunTime:0.000487s ]
[2020-06-03T19:57:43+08:00][sql] DELETE FROM `lm_auth_rule` WHERE  `id` = 1665 [ RunTime:0.000348s ]
[2020-06-03T19:57:43+08:00][sql] SELECT * FROM `lm_auth_rule` WHERE  `href` = 'admin/sys.database/index' LIMIT 1 [ RunTime:0.000538s ]
[2020-06-03T19:57:43+08:00][sql] DELETE FROM `lm_auth_rule` WHERE  `id` = 1666 [ RunTime:0.000497s ]
[2020-06-03T19:57:43+08:00][sql] SELECT * FROM `lm_auth_rule` WHERE  `href` = 'admin/sys.database/optimize' LIMIT 1 [ RunTime:0.001690s ]
[2020-06-03T19:57:43+08:00][sql] DELETE FROM `lm_auth_rule` WHERE  `id` = 1667 [ RunTime:0.000778s ]
[2020-06-03T19:57:43+08:00][sql] SELECT * FROM `lm_auth_rule` WHERE  `href` = 'admin/Addon/manager' LIMIT 1 [ RunTime:0.001181s ]
[2020-06-03T19:57:43+08:00][sql] SELECT * FROM `lm_auth_rule` WHERE  `pid` = 1664 LIMIT 1 [ RunTime:0.000945s ]
[2020-06-03T19:57:43+08:00][sql] SELECT * FROM `lm_auth_rule` WHERE  `href` = 'admin/sys.database/repair' LIMIT 1 [ RunTime:0.000857s ]
[2020-06-03T19:57:43+08:00][sql] DELETE FROM `lm_auth_rule` WHERE  `id` = 1668 [ RunTime:0.000755s ]
[2020-06-03T19:57:43+08:00][sql] SELECT * FROM `lm_auth_rule` WHERE  `href` = 'admin/Addon/manager' LIMIT 1 [ RunTime:0.000483s ]
[2020-06-03T19:57:43+08:00][sql] SELECT * FROM `lm_auth_rule` WHERE  `pid` = 1664 LIMIT 1 [ RunTime:0.000481s ]
[2020-06-03T19:57:43+08:00][sql] SELECT * FROM `lm_auth_rule` WHERE  `href` = 'admin/sys.database/backup' LIMIT 1 [ RunTime:0.000415s ]
[2020-06-03T19:57:43+08:00][sql] DELETE FROM `lm_auth_rule` WHERE  `id` = 1669 [ RunTime:0.000337s ]
[2020-06-03T19:57:43+08:00][sql] SELECT * FROM `lm_auth_rule` WHERE  `href` = 'admin/Addon/manager' LIMIT 1 [ RunTime:0.000410s ]
[2020-06-03T19:57:43+08:00][sql] SELECT * FROM `lm_auth_rule` WHERE  `pid` = 1664 LIMIT 1 [ RunTime:0.000398s ]
[2020-06-03T19:57:43+08:00][sql] SELECT * FROM `lm_auth_rule` WHERE  `href` = 'admin/Addon/manager' LIMIT 1 [ RunTime:0.000469s ]
[2020-06-03T19:57:43+08:00][sql] SELECT * FROM `lm_auth_rule` WHERE  `pid` = 1664 LIMIT 1 [ RunTime:0.000471s ]
[2020-06-03T19:57:43+08:00][sql] SELECT * FROM `lm_auth_rule` WHERE  `href` = 'admin/sys.database/restore' LIMIT 1 [ RunTime:0.000367s ]
[2020-06-03T19:57:43+08:00][sql] DELETE FROM `lm_auth_rule` WHERE  `id` = 1670 [ RunTime:0.000300s ]
[2020-06-03T19:57:43+08:00][sql] SELECT * FROM `lm_auth_rule` WHERE  `href` = 'admin/sys.database/import' LIMIT 1 [ RunTime:0.000799s ]
[2020-06-03T19:57:43+08:00][sql] DELETE FROM `lm_auth_rule` WHERE  `id` = 1671 [ RunTime:0.000524s ]
[2020-06-03T19:57:43+08:00][sql] SELECT * FROM `lm_auth_rule` WHERE  `href` = 'admin/Addon/manager' LIMIT 1 [ RunTime:0.000449s ]
[2020-06-03T19:57:43+08:00][sql] SELECT * FROM `lm_auth_rule` WHERE  `pid` = 1664 LIMIT 1 [ RunTime:0.000397s ]
[2020-06-03T19:57:43+08:00][sql] SELECT * FROM `lm_auth_rule` WHERE  `href` = 'admin/sys.database/downFile' LIMIT 1 [ RunTime:0.000381s ]
[2020-06-03T19:57:43+08:00][sql] DELETE FROM `lm_auth_rule` WHERE  `id` = 1672 [ RunTime:0.000272s ]
[2020-06-03T19:57:43+08:00][sql] SELECT * FROM `lm_auth_rule` WHERE  `href` = 'admin/Addon/manager' LIMIT 1 [ RunTime:0.000392s ]
[2020-06-03T19:57:43+08:00][sql] SELECT * FROM `lm_auth_rule` WHERE  `pid` = 1664 LIMIT 1 [ RunTime:0.000514s ]
[2020-06-03T19:57:43+08:00][sql] SELECT * FROM `lm_auth_rule` WHERE  `href` = 'admin/sys.database/delSqlFiles' LIMIT 1 [ RunTime:0.000313s ]
[2020-06-03T19:57:43+08:00][sql] DELETE FROM `lm_auth_rule` WHERE  `id` = 1673 [ RunTime:0.000340s ]
[2020-06-03T19:57:43+08:00][sql] SELECT * FROM `lm_auth_rule` WHERE  `href` = 'admin/Addon/manager' LIMIT 1 [ RunTime:0.001135s ]
[2020-06-03T19:57:43+08:00][sql] SELECT * FROM `lm_auth_rule` WHERE  `pid` = 1664 LIMIT 1 [ RunTime:0.000978s ]
[2020-06-03T19:57:43+08:00][sql] SELECT * FROM `lm_auth_rule` WHERE  `href` = 'admin/Addon/manager' LIMIT 1 [ RunTime:0.001108s ]
[2020-06-03T19:57:43+08:00][sql] SELECT * FROM `lm_auth_rule` WHERE  `pid` = 1664 LIMIT 1 [ RunTime:0.001052s ]
[2020-06-03T19:57:43+08:00][sql] SELECT * FROM `lm_auth_rule` WHERE  `href` = 'admin/Addon/manager' LIMIT 1 [ RunTime:0.000950s ]
[2020-06-03T19:57:43+08:00][sql] SELECT * FROM `lm_auth_rule` WHERE  `pid` = 1664 LIMIT 1 [ RunTime:0.000523s ]
[2020-06-03T19:57:43+08:00][sql] CONNECT:[ UseTime:0.002143s ] mysql:host=127.0.0.1;port=3306;dbname=lemocms_111;charset=utf8mb4
[2020-06-03T19:57:43+08:00][sql] SHOW FULL COLUMNS FROM `lm_auth_rule` [ RunTime:0.000945s ]
[2020-06-03T19:57:43+08:00][sql] SELECT `href`,`href` FROM `lm_auth_rule` [ RunTime:0.000477s ]
[2020-06-03T19:57:43+08:00][sql] SHOW FULL COLUMNS FROM `lm_addon` [ RunTime:0.002032s ]
[2020-06-03T19:57:43+08:00][sql] SELECT * FROM `lm_addon` ORDER BY `id` DESC [ RunTime:0.000515s ]
[2020-06-03T19:57:52+08:00][sql] CONNECT:[ UseTime:0.010443s ] mysql:host=127.0.0.1;port=3306;dbname=lemocms_111;charset=utf8mb4
[2020-06-03T19:57:52+08:00][sql] SHOW FULL COLUMNS FROM `lm_auth_rule` [ RunTime:0.001378s ]
[2020-06-03T19:57:52+08:00][sql] SELECT `href`,`href` FROM `lm_auth_rule` [ RunTime:0.000633s ]
[2020-06-03T19:57:52+08:00][sql] SHOW FULL COLUMNS FROM `lm_addon` [ RunTime:0.002385s ]
[2020-06-03T19:57:52+08:00][sql] SELECT * FROM `lm_addon` WHERE  `name` = 'cms' LIMIT 1 [ RunTime:0.000452s ]
[2020-06-03T19:57:52+08:00][sql] DELETE FROM `lm_addon` WHERE  `id` = 2 [ RunTime:0.000441s ]
[2020-06-03T19:57:52+08:00][sql] SELECT * FROM `lm_auth_rule` WHERE  `href` = 'admin/cms' LIMIT 1 [ RunTime:0.000476s ]
[2020-06-03T19:57:52+08:00][sql] DELETE FROM `lm_auth_rule` WHERE  `id` = 1674 [ RunTime:0.000337s ]
[2020-06-03T19:57:52+08:00][sql] SELECT * FROM `lm_auth_rule` WHERE  `href` = 'admin/cms.cmsCategory/index' LIMIT 1 [ RunTime:0.000771s ]
[2020-06-03T19:57:52+08:00][sql] DELETE FROM `lm_auth_rule` WHERE  `id` = 1675 [ RunTime:0.000420s ]
[2020-06-03T19:57:52+08:00][sql] SELECT * FROM `lm_auth_rule` WHERE  `href` = 'admin/cms.cmsCategory/add' LIMIT 1 [ RunTime:0.000453s ]
[2020-06-03T19:57:52+08:00][sql] DELETE FROM `lm_auth_rule` WHERE  `id` = 1676 [ RunTime:0.000342s ]
[2020-06-03T19:57:52+08:00][sql] SELECT * FROM `lm_auth_rule` WHERE  `href` = 'admin/Addon/manager' LIMIT 1 [ RunTime:0.000444s ]
[2020-06-03T19:57:52+08:00][sql] SELECT * FROM `lm_auth_rule` WHERE  `pid` = 1664 LIMIT 1 [ RunTime:0.000402s ]
[2020-06-03T19:57:52+08:00][sql] DELETE FROM `lm_auth_rule` WHERE  `id` = 1664 [ RunTime:0.000247s ]
[2020-06-03T19:57:52+08:00][sql] SELECT * FROM `lm_auth_rule` WHERE  `href` = 'admin/cms.cmsCategory/edit' LIMIT 1 [ RunTime:0.000671s ]
[2020-06-03T19:57:52+08:00][sql] DELETE FROM `lm_auth_rule` WHERE  `id` = 1677 [ RunTime:0.000246s ]
[2020-06-03T19:57:52+08:00][sql] SELECT * FROM `lm_auth_rule` WHERE  `href` = 'admin/Addon/manager' LIMIT 1 [ RunTime:0.000533s ]
[2020-06-03T19:57:52+08:00][sql] SELECT * FROM `lm_auth_rule` WHERE  `href` = 'admin/cms.cmsCategory/delete' LIMIT 1 [ RunTime:0.000483s ]
[2020-06-03T19:57:52+08:00][sql] DELETE FROM `lm_auth_rule` WHERE  `id` = 1678 [ RunTime:0.000435s ]
[2020-06-03T19:57:52+08:00][sql] SELECT * FROM `lm_auth_rule` WHERE  `href` = 'admin/Addon/manager' LIMIT 1 [ RunTime:0.000405s ]
[2020-06-03T19:57:52+08:00][sql] SELECT * FROM `lm_auth_rule` WHERE  `href` = 'admin/cms.cmsCategory/state' LIMIT 1 [ RunTime:0.000626s ]
[2020-06-03T19:57:52+08:00][sql] DELETE FROM `lm_auth_rule` WHERE  `id` = 1679 [ RunTime:0.000374s ]
[2020-06-03T19:57:52+08:00][sql] SELECT * FROM `lm_auth_rule` WHERE  `href` = 'admin/Addon/manager' LIMIT 1 [ RunTime:0.000438s ]
[2020-06-03T19:57:52+08:00][sql] SELECT * FROM `lm_auth_rule` WHERE  `href` = 'admin/cms.cmsCategory/content' LIMIT 1 [ RunTime:0.000418s ]
[2020-06-03T19:57:52+08:00][sql] DELETE FROM `lm_auth_rule` WHERE  `id` = 1680 [ RunTime:0.000388s ]
[2020-06-03T19:57:52+08:00][sql] SELECT * FROM `lm_auth_rule` WHERE  `href` = 'admin/Addon/manager' LIMIT 1 [ RunTime:0.000850s ]
[2020-06-03T19:57:52+08:00][sql] SELECT * FROM `lm_auth_rule` WHERE  `href` = 'admin/cms.cmsCategory/addinfo' LIMIT 1 [ RunTime:0.000889s ]
[2020-06-03T19:57:52+08:00][sql] DELETE FROM `lm_auth_rule` WHERE  `id` = 1681 [ RunTime:0.000674s ]
[2020-06-03T19:57:52+08:00][sql] SELECT * FROM `lm_auth_rule` WHERE  `href` = 'admin/Addon/manager' LIMIT 1 [ RunTime:0.001023s ]
[2020-06-03T19:57:52+08:00][sql] SELECT * FROM `lm_auth_rule` WHERE  `href` = 'admin/cms.cmsCategory/contentDel' LIMIT 1 [ RunTime:0.001215s ]
[2020-06-03T19:57:52+08:00][sql] DELETE FROM `lm_auth_rule` WHERE  `id` = 1682 [ RunTime:0.000526s ]
[2020-06-03T19:57:52+08:00][sql] SELECT * FROM `lm_auth_rule` WHERE  `href` = 'admin/Addon/manager' LIMIT 1 [ RunTime:0.000641s ]
[2020-06-03T19:57:52+08:00][sql] SELECT * FROM `lm_auth_rule` WHERE  `href` = 'admin/cms.cmsCategory/flashCache' LIMIT 1 [ RunTime:0.000487s ]
[2020-06-03T19:57:52+08:00][sql] DELETE FROM `lm_auth_rule` WHERE  `id` = 1683 [ RunTime:0.000353s ]
[2020-06-03T19:57:52+08:00][sql] SELECT * FROM `lm_auth_rule` WHERE  `href` = 'admin/Addon/manager' LIMIT 1 [ RunTime:0.000564s ]
[2020-06-03T19:57:52+08:00][sql] SELECT * FROM `lm_auth_rule` WHERE  `href` = 'admin/Addon/manager' LIMIT 1 [ RunTime:0.000443s ]
[2020-06-03T19:57:52+08:00][sql] SELECT * FROM `lm_auth_rule` WHERE  `href` = 'admin/cms.cmsCategory/list' LIMIT 1 [ RunTime:0.000456s ]
[2020-06-03T19:57:52+08:00][sql] DELETE FROM `lm_auth_rule` WHERE  `id` = 1684 [ RunTime:0.000573s ]
[2020-06-03T19:57:52+08:00][sql] SELECT * FROM `lm_auth_rule` WHERE  `href` = 'admin/cms.cmsCategory/content' LIMIT 1 [ RunTime:0.000444s ]
[2020-06-03T19:57:52+08:00][sql] SELECT * FROM `lm_auth_rule` WHERE  `href` = 'admin/Addon/manager' LIMIT 1 [ RunTime:0.000382s ]
[2020-06-03T19:57:52+08:00][sql] SELECT * FROM `lm_auth_rule` WHERE  `href` = 'admin/cms.cmsCategory/addinfo' LIMIT 1 [ RunTime:0.000383s ]
[2020-06-03T19:57:52+08:00][sql] SELECT * FROM `lm_auth_rule` WHERE  `href` = 'admin/Addon/manager' LIMIT 1 [ RunTime:0.000350s ]
[2020-06-03T19:57:52+08:00][sql] SELECT * FROM `lm_auth_rule` WHERE  `href` = 'admin/cms.cmsCategory/board' LIMIT 1 [ RunTime:0.000355s ]
[2020-06-03T19:57:52+08:00][sql] DELETE FROM `lm_auth_rule` WHERE  `id` = 1685 [ RunTime:0.000325s ]
[2020-06-03T19:57:52+08:00][sql] SELECT * FROM `lm_auth_rule` WHERE  `href` = 'admin/Addon/manager' LIMIT 1 [ RunTime:0.000902s ]
[2020-06-03T19:57:52+08:00][sql] SELECT * FROM `lm_auth_rule` WHERE  `href` = 'admin/cms.cmsCategory/contentState' LIMIT 1 [ RunTime:0.000844s ]
[2020-06-03T19:57:52+08:00][sql] DELETE FROM `lm_auth_rule` WHERE  `id` = 1686 [ RunTime:0.000693s ]
[2020-06-03T19:57:52+08:00][sql] SELECT * FROM `lm_auth_rule` WHERE  `href` = 'admin/Addon/manager' LIMIT 1 [ RunTime:0.000470s ]
[2020-06-03T19:57:52+08:00][sql] SELECT * FROM `lm_auth_rule` WHERE  `href` = 'admin/cms.cmsCategory/flashCache' LIMIT 1 [ RunTime:0.000399s ]
[2020-06-03T19:57:52+08:00][sql] SELECT * FROM `lm_auth_rule` WHERE  `href` = 'admin/Addon/manager' LIMIT 1 [ RunTime:0.000390s ]
[2020-06-03T19:57:52+08:00][sql] SELECT * FROM `lm_auth_rule` WHERE  `href` = 'admin/Addon/manager' LIMIT 1 [ RunTime:0.000380s ]
[2020-06-03T19:57:52+08:00][sql] SELECT * FROM `lm_auth_rule` WHERE  `href` = 'admin/cms.cmsModule/index' LIMIT 1 [ RunTime:0.000396s ]
[2020-06-03T19:57:52+08:00][sql] DELETE FROM `lm_auth_rule` WHERE  `id` = 1687 [ RunTime:0.000357s ]
[2020-06-03T19:57:52+08:00][sql] SELECT * FROM `lm_auth_rule` WHERE  `href` = 'admin/cms.cmsModule/add' LIMIT 1 [ RunTime:0.000441s ]
[2020-06-03T19:57:52+08:00][sql] DELETE FROM `lm_auth_rule` WHERE  `id` = 1688 [ RunTime:0.000294s ]
[2020-06-03T19:57:52+08:00][sql] SELECT * FROM `lm_auth_rule` WHERE  `href` = 'admin/Addon/manager' LIMIT 1 [ RunTime:0.000603s ]
[2020-06-03T19:57:52+08:00][sql] SELECT * FROM `lm_auth_rule` WHERE  `href` = 'admin/cms.cmsModule/edit' LIMIT 1 [ RunTime:0.000461s ]
[2020-06-03T19:57:52+08:00][sql] DELETE FROM `lm_auth_rule` WHERE  `id` = 1689 [ RunTime:0.000364s ]
[2020-06-03T19:57:52+08:00][sql] SELECT * FROM `lm_auth_rule` WHERE  `href` = 'admin/Addon/manager' LIMIT 1 [ RunTime:0.000462s ]
[2020-06-03T19:57:52+08:00][sql] SELECT * FROM `lm_auth_rule` WHERE  `href` = 'admin/cms.cmsModule/state' LIMIT 1 [ RunTime:0.000393s ]
[2020-06-03T19:57:52+08:00][sql] DELETE FROM `lm_auth_rule` WHERE  `id` = 1690 [ RunTime:0.000341s ]
[2020-06-03T19:57:52+08:00][sql] SELECT * FROM `lm_auth_rule` WHERE  `href` = 'admin/Addon/manager' LIMIT 1 [ RunTime:0.000507s ]
[2020-06-03T19:57:52+08:00][sql] SELECT * FROM `lm_auth_rule` WHERE  `href` = 'admin/cms.cmsModule/delete' LIMIT 1 [ RunTime:0.000465s ]
[2020-06-03T19:57:52+08:00][sql] DELETE FROM `lm_auth_rule` WHERE  `id` = 1691 [ RunTime:0.000657s ]
[2020-06-03T19:57:52+08:00][sql] SELECT * FROM `lm_auth_rule` WHERE  `href` = 'admin/Addon/manager' LIMIT 1 [ RunTime:0.000544s ]
[2020-06-03T19:57:52+08:00][sql] SELECT * FROM `lm_auth_rule` WHERE  `href` = 'admin/cms.cmsModule/field' LIMIT 1 [ RunTime:0.015788s ]
[2020-06-03T19:57:52+08:00][sql] DELETE FROM `lm_auth_rule` WHERE  `id` = 1692 [ RunTime:0.000351s ]
[2020-06-03T19:57:52+08:00][sql] SELECT * FROM `lm_auth_rule` WHERE  `href` = 'admin/Addon/manager' LIMIT 1 [ RunTime:0.000410s ]
[2020-06-03T19:57:52+08:00][sql] SELECT * FROM `lm_auth_rule` WHERE  `href` = 'admin/cms.cmsModule/fieldAdd' LIMIT 1 [ RunTime:0.000361s ]
[2020-06-03T19:57:52+08:00][sql] DELETE FROM `lm_auth_rule` WHERE  `id` = 1693 [ RunTime:0.000291s ]
[2020-06-03T19:57:52+08:00][sql] SELECT * FROM `lm_auth_rule` WHERE  `href` = 'admin/Addon/manager' LIMIT 1 [ RunTime:0.000485s ]
[2020-06-03T19:57:52+08:00][sql] SELECT * FROM `lm_auth_rule` WHERE  `href` = 'admin/cms.cmsModule/fieldEdit' LIMIT 1 [ RunTime:0.000353s ]
[2020-06-03T19:57:52+08:00][sql] DELETE FROM `lm_auth_rule` WHERE  `id` = 1694 [ RunTime:0.000325s ]
[2020-06-03T19:57:52+08:00][sql] SELECT * FROM `lm_auth_rule` WHERE  `href` = 'admin/Addon/manager' LIMIT 1 [ RunTime:0.000509s ]
[2020-06-03T19:57:52+08:00][sql] SELECT * FROM `lm_auth_rule` WHERE  `href` = 'admin/cms.cmsModule/fieldDel' LIMIT 1 [ RunTime:0.000403s ]
[2020-06-03T19:57:52+08:00][sql] DELETE FROM `lm_auth_rule` WHERE  `id` = 1695 [ RunTime:0.000375s ]
[2020-06-03T19:57:52+08:00][sql] SELECT * FROM `lm_auth_rule` WHERE  `href` = 'admin/Addon/manager' LIMIT 1 [ RunTime:0.000443s ]
[2020-06-03T19:57:52+08:00][sql] SELECT * FROM `lm_auth_rule` WHERE  `href` = 'admin/cms.cmsModule/fieldState' LIMIT 1 [ RunTime:0.000411s ]
[2020-06-03T19:57:52+08:00][sql] DELETE FROM `lm_auth_rule` WHERE  `id` = 1696 [ RunTime:0.000329s ]
[2020-06-03T19:57:52+08:00][sql] SELECT * FROM `lm_auth_rule` WHERE  `href` = 'admin/Addon/manager' LIMIT 1 [ RunTime:0.000505s ]
[2020-06-03T19:57:52+08:00][sql] SELECT * FROM `lm_auth_rule` WHERE  `href` = 'admin/cms.cmsModule/fieldSort' LIMIT 1 [ RunTime:0.000471s ]
[2020-06-03T19:57:52+08:00][sql] DELETE FROM `lm_auth_rule` WHERE  `id` = 1697 [ RunTime:0.000332s ]
[2020-06-03T19:57:52+08:00][sql] SELECT * FROM `lm_auth_rule` WHERE  `href` = 'admin/Addon/manager' LIMIT 1 [ RunTime:0.000645s ]
[2020-06-03T19:57:52+08:00][sql] SELECT * FROM `lm_auth_rule` WHERE  `href` = 'admin/Addon/manager' LIMIT 1 [ RunTime:0.000536s ]
[2020-06-03T19:57:52+08:00][sql] SELECT * FROM `lm_auth_rule` WHERE  `href` = 'admin/cms.cmsLink/index' LIMIT 1 [ RunTime:0.000585s ]
[2020-06-03T19:57:52+08:00][sql] DELETE FROM `lm_auth_rule` WHERE  `id` = 1698 [ RunTime:0.000517s ]
[2020-06-03T19:57:52+08:00][sql] SELECT * FROM `lm_auth_rule` WHERE  `href` = 'admin/cms.cmsLink/add' LIMIT 1 [ RunTime:0.000612s ]
[2020-06-03T19:57:52+08:00][sql] DELETE FROM `lm_auth_rule` WHERE  `id` = 1699 [ RunTime:0.000414s ]
[2020-06-03T19:57:52+08:00][sql] SELECT * FROM `lm_auth_rule` WHERE  `href` = 'admin/Addon/manager' LIMIT 1 [ RunTime:0.000623s ]
[2020-06-03T19:57:52+08:00][sql] SELECT * FROM `lm_auth_rule` WHERE  `href` = 'admin/cms.cmsLink/edit' LIMIT 1 [ RunTime:0.000540s ]
[2020-06-03T19:57:52+08:00][sql] DELETE FROM `lm_auth_rule` WHERE  `id` = 1700 [ RunTime:0.000447s ]
[2020-06-03T19:57:52+08:00][sql] SELECT * FROM `lm_auth_rule` WHERE  `href` = 'admin/Addon/manager' LIMIT 1 [ RunTime:0.000622s ]
[2020-06-03T19:57:52+08:00][sql] SELECT * FROM `lm_auth_rule` WHERE  `href` = 'admin/cms.cmsLink/state' LIMIT 1 [ RunTime:0.000575s ]
[2020-06-03T19:57:52+08:00][sql] DELETE FROM `lm_auth_rule` WHERE  `id` = 1701 [ RunTime:0.000534s ]
[2020-06-03T19:57:52+08:00][sql] SELECT * FROM `lm_auth_rule` WHERE  `href` = 'admin/Addon/manager' LIMIT 1 [ RunTime:0.000530s ]
[2020-06-03T19:57:52+08:00][sql] SELECT * FROM `lm_auth_rule` WHERE  `href` = 'admin/cms.cmsLink/delete' LIMIT 1 [ RunTime:0.000479s ]
[2020-06-03T19:57:52+08:00][sql] DELETE FROM `lm_auth_rule` WHERE  `id` = 1702 [ RunTime:0.000374s ]
[2020-06-03T19:57:52+08:00][sql] SELECT * FROM `lm_auth_rule` WHERE  `href` = 'admin/Addon/manager' LIMIT 1 [ RunTime:0.000607s ]
[2020-06-03T19:57:52+08:00][sql] SELECT * FROM `lm_auth_rule` WHERE  `href` = 'admin/Addon/manager' LIMIT 1 [ RunTime:0.000500s ]
[2020-06-03T19:57:52+08:00][sql] SELECT * FROM `lm_auth_rule` WHERE  `href` = 'admin/cms.cmsAdv/index' LIMIT 1 [ RunTime:0.000448s ]
[2020-06-03T19:57:52+08:00][sql] DELETE FROM `lm_auth_rule` WHERE  `id` = 1703 [ RunTime:0.000405s ]
[2020-06-03T19:57:52+08:00][sql] SELECT * FROM `lm_auth_rule` WHERE  `href` = 'admin/cms.cmsAdv/add' LIMIT 1 [ RunTime:0.000466s ]
[2020-06-03T19:57:52+08:00][sql] DELETE FROM `lm_auth_rule` WHERE  `id` = 1704 [ RunTime:0.000375s ]
[2020-06-03T19:57:52+08:00][sql] SELECT * FROM `lm_auth_rule` WHERE  `href` = 'admin/Addon/manager' LIMIT 1 [ RunTime:0.000373s ]
[2020-06-03T19:57:52+08:00][sql] SELECT * FROM `lm_auth_rule` WHERE  `href` = 'admin/cms.cmsAdv/edit' LIMIT 1 [ RunTime:0.000277s ]
[2020-06-03T19:57:52+08:00][sql] DELETE FROM `lm_auth_rule` WHERE  `id` = 1705 [ RunTime:0.000265s ]
[2020-06-03T19:57:52+08:00][sql] SELECT * FROM `lm_auth_rule` WHERE  `href` = 'admin/Addon/manager' LIMIT 1 [ RunTime:0.000461s ]
[2020-06-03T19:57:52+08:00][sql] SELECT * FROM `lm_auth_rule` WHERE  `href` = 'admin/cms.cmsAdv/state' LIMIT 1 [ RunTime:0.000380s ]
[2020-06-03T19:57:52+08:00][sql] DELETE FROM `lm_auth_rule` WHERE  `id` = 1706 [ RunTime:0.000342s ]
[2020-06-03T19:57:52+08:00][sql] SELECT * FROM `lm_auth_rule` WHERE  `href` = 'admin/Addon/manager' LIMIT 1 [ RunTime:0.000444s ]
[2020-06-03T19:57:52+08:00][sql] SELECT * FROM `lm_auth_rule` WHERE  `href` = 'admin/cms.cmsAdv/delete' LIMIT 1 [ RunTime:0.000360s ]
[2020-06-03T19:57:52+08:00][sql] DELETE FROM `lm_auth_rule` WHERE  `id` = 1707 [ RunTime:0.000326s ]
[2020-06-03T19:57:52+08:00][sql] SELECT * FROM `lm_auth_rule` WHERE  `href` = 'admin/Addon/manager' LIMIT 1 [ RunTime:0.000850s ]
[2020-06-03T19:57:52+08:00][sql] SELECT * FROM `lm_auth_rule` WHERE  `href` = 'admin/Addon/manager' LIMIT 1 [ RunTime:0.000672s ]
[2020-06-03T19:57:52+08:00][sql] SELECT * FROM `lm_auth_rule` WHERE  `href` = 'admin/cms.cmsAdv/pos' LIMIT 1 [ RunTime:0.000711s ]
[2020-06-03T19:57:52+08:00][sql] DELETE FROM `lm_auth_rule` WHERE  `id` = 1708 [ RunTime:0.000646s ]
[2020-06-03T19:57:52+08:00][sql] SELECT * FROM `lm_auth_rule` WHERE  `href` = 'admin/cms.cmsAdv/posAdd' LIMIT 1 [ RunTime:0.001089s ]
[2020-06-03T19:57:52+08:00][sql] DELETE FROM `lm_auth_rule` WHERE  `id` = 1709 [ RunTime:0.000799s ]
[2020-06-03T19:57:52+08:00][sql] SELECT * FROM `lm_auth_rule` WHERE  `href` = 'admin/Addon/manager' LIMIT 1 [ RunTime:0.000536s ]
[2020-06-03T19:57:52+08:00][sql] SELECT * FROM `lm_auth_rule` WHERE  `href` = 'admin/cms.cmsAdv/posEdit' LIMIT 1 [ RunTime:0.000446s ]
[2020-06-03T19:57:52+08:00][sql] DELETE FROM `lm_auth_rule` WHERE  `id` = 1710 [ RunTime:0.000354s ]
[2020-06-03T19:57:52+08:00][sql] SELECT * FROM `lm_auth_rule` WHERE  `href` = 'admin/Addon/manager' LIMIT 1 [ RunTime:0.000644s ]
[2020-06-03T19:57:52+08:00][sql] SELECT * FROM `lm_auth_rule` WHERE  `href` = 'admin/cms.cmsAdv/posState' LIMIT 1 [ RunTime:0.000506s ]
[2020-06-03T19:57:52+08:00][sql] DELETE FROM `lm_auth_rule` WHERE  `id` = 1711 [ RunTime:0.000333s ]
[2020-06-03T19:57:52+08:00][sql] SELECT * FROM `lm_auth_rule` WHERE  `href` = 'admin/Addon/manager' LIMIT 1 [ RunTime:0.000749s ]
[2020-06-03T19:57:52+08:00][sql] SELECT * FROM `lm_auth_rule` WHERE  `href` = 'admin/cms.cmsAdv/posDel' LIMIT 1 [ RunTime:0.000613s ]
[2020-06-03T19:57:52+08:00][sql] DELETE FROM `lm_auth_rule` WHERE  `id` = 1712 [ RunTime:0.000507s ]
[2020-06-03T19:57:52+08:00][sql] SELECT * FROM `lm_auth_rule` WHERE  `href` = 'admin/Addon/manager' LIMIT 1 [ RunTime:0.000743s ]
[2020-06-03T19:57:52+08:00][sql] SELECT * FROM `lm_auth_rule` WHERE  `href` = 'admin/Addon/manager' LIMIT 1 [ RunTime:0.000601s ]
[2020-06-03T19:57:52+08:00][sql] SELECT * FROM `lm_auth_rule` WHERE  `href` = 'admin/cms.cmsDebris/index' LIMIT 1 [ RunTime:0.000598s ]
[2020-06-03T19:57:52+08:00][sql] DELETE FROM `lm_auth_rule` WHERE  `id` = 1713 [ RunTime:0.000522s ]
[2020-06-03T19:57:52+08:00][sql] SELECT * FROM `lm_auth_rule` WHERE  `href` = 'admin/cms.cmsDebris/add' LIMIT 1 [ RunTime:0.000581s ]
[2020-06-03T19:57:52+08:00][sql] DELETE FROM `lm_auth_rule` WHERE  `id` = 1714 [ RunTime:0.000370s ]
[2020-06-03T19:57:52+08:00][sql] SELECT * FROM `lm_auth_rule` WHERE  `href` = 'admin/Addon/manager' LIMIT 1 [ RunTime:0.000568s ]
[2020-06-03T19:57:52+08:00][sql] SELECT * FROM `lm_auth_rule` WHERE  `href` = 'admin/cms.cmsDebris/edit' LIMIT 1 [ RunTime:0.000548s ]
[2020-06-03T19:57:52+08:00][sql] DELETE FROM `lm_auth_rule` WHERE  `id` = 1715 [ RunTime:0.000407s ]
[2020-06-03T19:57:52+08:00][sql] SELECT * FROM `lm_auth_rule` WHERE  `href` = 'admin/Addon/manager' LIMIT 1 [ RunTime:0.000403s ]
[2020-06-03T19:57:52+08:00][sql] SELECT * FROM `lm_auth_rule` WHERE  `href` = 'admin/cms.cmsDebris/state' LIMIT 1 [ RunTime:0.000284s ]
[2020-06-03T19:57:52+08:00][sql] DELETE FROM `lm_auth_rule` WHERE  `id` = 1716 [ RunTime:0.000278s ]
[2020-06-03T19:57:52+08:00][sql] SELECT * FROM `lm_auth_rule` WHERE  `href` = 'admin/Addon/manager' LIMIT 1 [ RunTime:0.000619s ]
[2020-06-03T19:57:52+08:00][sql] SELECT * FROM `lm_auth_rule` WHERE  `href` = 'admin/cms.cmsDebris/delete' LIMIT 1 [ RunTime:0.000546s ]
[2020-06-03T19:57:52+08:00][sql] DELETE FROM `lm_auth_rule` WHERE  `id` = 1717 [ RunTime:0.000423s ]
[2020-06-03T19:57:52+08:00][sql] SELECT * FROM `lm_auth_rule` WHERE  `href` = 'admin/Addon/manager' LIMIT 1 [ RunTime:0.000577s ]
[2020-06-03T19:57:52+08:00][sql] SELECT * FROM `lm_auth_rule` WHERE  `href` = 'admin/Addon/manager' LIMIT 1 [ RunTime:0.000477s ]
[2020-06-03T19:57:52+08:00][sql] SELECT * FROM `lm_auth_rule` WHERE  `href` = 'admin/cms.cmsDebris/pos' LIMIT 1 [ RunTime:0.000422s ]
[2020-06-03T19:57:52+08:00][sql] DELETE FROM `lm_auth_rule` WHERE  `id` = 1718 [ RunTime:0.000403s ]
[2020-06-03T19:57:52+08:00][sql] SELECT * FROM `lm_auth_rule` WHERE  `href` = 'admin/cms.cmsDebris/posAdd' LIMIT 1 [ RunTime:0.000684s ]
[2020-06-03T19:57:52+08:00][sql] DELETE FROM `lm_auth_rule` WHERE  `id` = 1719 [ RunTime:0.000482s ]
[2020-06-03T19:57:52+08:00][sql] SELECT * FROM `lm_auth_rule` WHERE  `href` = 'admin/Addon/manager' LIMIT 1 [ RunTime:0.001040s ]
[2020-06-03T19:57:52+08:00][sql] SELECT * FROM `lm_auth_rule` WHERE  `href` = 'admin/cms.cmsDebris/posEdit' LIMIT 1 [ RunTime:0.000870s ]
[2020-06-03T19:57:52+08:00][sql] DELETE FROM `lm_auth_rule` WHERE  `id` = 1720 [ RunTime:0.000783s ]
[2020-06-03T19:57:52+08:00][sql] SELECT * FROM `lm_auth_rule` WHERE  `href` = 'admin/Addon/manager' LIMIT 1 [ RunTime:0.000509s ]
[2020-06-03T19:57:52+08:00][sql] SELECT * FROM `lm_auth_rule` WHERE  `href` = 'admin/cms.cmsDebris/posState' LIMIT 1 [ RunTime:0.000463s ]
[2020-06-03T19:57:52+08:00][sql] DELETE FROM `lm_auth_rule` WHERE  `id` = 1721 [ RunTime:0.000337s ]
[2020-06-03T19:57:52+08:00][sql] SELECT * FROM `lm_auth_rule` WHERE  `href` = 'admin/Addon/manager' LIMIT 1 [ RunTime:0.000915s ]
[2020-06-03T19:57:52+08:00][sql] SELECT * FROM `lm_auth_rule` WHERE  `href` = 'admin/cms.cmsDebris/posDel' LIMIT 1 [ RunTime:0.000830s ]
[2020-06-03T19:57:52+08:00][sql] DELETE FROM `lm_auth_rule` WHERE  `id` = 1722 [ RunTime:0.000716s ]
[2020-06-03T19:57:52+08:00][sql] SELECT * FROM `lm_auth_rule` WHERE  `href` = 'admin/Addon/manager' LIMIT 1 [ RunTime:0.000516s ]
[2020-06-03T19:57:52+08:00][sql] SELECT * FROM `lm_auth_rule` WHERE  `href` = 'admin/Addon/manager' LIMIT 1 [ RunTime:0.000522s ]
[2020-06-03T19:57:52+08:00][sql] SELECT * FROM `lm_auth_rule` WHERE  `href` = 'admin/cms.cmsTags/index' LIMIT 1 [ RunTime:0.000363s ]
[2020-06-03T19:57:52+08:00][sql] DELETE FROM `lm_auth_rule` WHERE  `id` = 1723 [ RunTime:0.000366s ]
[2020-06-03T19:57:52+08:00][sql] SELECT * FROM `lm_auth_rule` WHERE  `href` = 'admin/cms.cmsTags/index' LIMIT 1 [ RunTime:0.000439s ]
[2020-06-03T19:57:52+08:00][sql] SELECT * FROM `lm_auth_rule` WHERE  `href` = 'admin/Addon/manager' LIMIT 1 [ RunTime:0.000401s ]
[2020-06-03T19:57:52+08:00][sql] SELECT * FROM `lm_auth_rule` WHERE  `href` = 'admin/cms.cmsTags/add' LIMIT 1 [ RunTime:0.000360s ]
[2020-06-03T19:57:52+08:00][sql] DELETE FROM `lm_auth_rule` WHERE  `id` = 1724 [ RunTime:0.000324s ]
[2020-06-03T19:57:52+08:00][sql] SELECT * FROM `lm_auth_rule` WHERE  `href` = 'admin/Addon/manager' LIMIT 1 [ RunTime:0.000996s ]
[2020-06-03T19:57:52+08:00][sql] SELECT * FROM `lm_auth_rule` WHERE  `href` = 'admin/cms.cmsTags/edit' LIMIT 1 [ RunTime:0.000978s ]
[2020-06-03T19:57:52+08:00][sql] DELETE FROM `lm_auth_rule` WHERE  `id` = 1725 [ RunTime:0.000777s ]
[2020-06-03T19:57:52+08:00][sql] SELECT * FROM `lm_auth_rule` WHERE  `href` = 'admin/Addon/manager' LIMIT 1 [ RunTime:0.000598s ]
[2020-06-03T19:57:52+08:00][sql] SELECT * FROM `lm_auth_rule` WHERE  `href` = 'admin/cms.cmsTags/delete' LIMIT 1 [ RunTime:0.000417s ]
[2020-06-03T19:57:52+08:00][sql] DELETE FROM `lm_auth_rule` WHERE  `id` = 1726 [ RunTime:0.000374s ]
[2020-06-03T19:57:52+08:00][sql] SELECT * FROM `lm_auth_rule` WHERE  `href` = 'admin/Addon/manager' LIMIT 1 [ RunTime:0.000438s ]
[2020-06-03T19:57:52+08:00][sql] SELECT * FROM `lm_auth_rule` WHERE  `href` = 'admin/Addon/manager' LIMIT 1 [ RunTime:0.000299s ]
[2020-06-03T19:57:52+08:00][sql] SELECT * FROM `lm_auth_rule` WHERE  `href` = 'admin/Addon/manager' LIMIT 1 [ RunTime:0.000365s ]
[2020-06-03T19:57:52+08:00][sql] drop table if exists `lm_cms_link`; [ RunTime:0.123677s ]
[2020-06-03T19:57:52+08:00][sql] 
drop table if exists `lm_cms_adv`; [ RunTime:0.083095s ]
[2020-06-03T19:57:52+08:00][sql] 
drop table if exists `lm_cms_adv_position`; [ RunTime:0.140742s ]
[2020-06-03T19:57:52+08:00][sql] 
drop table if exists `lm_cms_tags`; [ RunTime:0.074940s ]
[2020-06-03T19:57:52+08:00][sql] 
drop table if exists `lm_cms_message`; [ RunTime:0.083540s ]
[2020-06-03T19:57:52+08:00][sql] 
drop table if exists `lm_cms_diyform`; [ RunTime:0.074621s ]
[2020-06-03T19:57:52+08:00][sql] 
drop table if exists `lm_cms_category`; [ RunTime:0.075077s ]
[2020-06-03T19:57:52+08:00][sql] 
drop table if exists `lm_cms_module`; [ RunTime:0.175114s ]
[2020-06-03T19:57:52+08:00][sql] 
drop table if exists `lm_cms_field`; [ RunTime:0.074800s ]
[2020-06-03T19:57:52+08:00][sql] 
drop table if exists `lm_cms_debris`; [ RunTime:0.001399s ]
[2020-06-03T19:57:52+08:00][sql] 
drop table if exists `lm_cms_debris_type`; [ RunTime:0.001638s ]
[2020-06-03T19:57:52+08:00][sql] 
drop table if exists `lm_cms_article`; [ RunTime:0.130597s ]
[2020-06-03T19:57:52+08:00][sql] 
drop table if exists `lm_cms_picture`; [ RunTime:0.091005s ]
[2020-06-03T19:57:52+08:00][sql] 
drop table if exists `lm_cms_product`; [ RunTime:0.133029s ]
[2020-06-03T19:57:52+08:00][sql] CONNECT:[ UseTime:0.001249s ] mysql:host=127.0.0.1;port=3306;dbname=lemocms_111;charset=utf8mb4
[2020-06-03T19:57:52+08:00][sql] SHOW FULL COLUMNS FROM `lm_auth_rule` [ RunTime:0.000773s ]
[2020-06-03T19:57:52+08:00][sql] SELECT `href`,`href` FROM `lm_auth_rule` [ RunTime:0.000394s ]
[2020-06-03T19:57:52+08:00][sql] SHOW FULL COLUMNS FROM `lm_addon` [ RunTime:0.002557s ]
[2020-06-03T19:57:52+08:00][sql] SELECT * FROM `lm_addon` ORDER BY `id` DESC [ RunTime:0.000270s ]
