[2020-06-11T11:08:12+08:00][sql] CONNECT:[ UseTime:0.010466s ] mysql:host=127.0.0.1;port=3306;dbname=lemocms_111;charset=utf8mb4
[2020-06-11T11:08:12+08:00][sql] SHOW FULL COLUMNS FROM `lm_auth_rule` [ RunTime:0.000843s ]
[2020-06-11T11:08:12+08:00][sql] SELECT `href`,`href` FROM `lm_auth_rule` [ RunTime:0.000368s ]
[2020-06-11T11:08:12+08:00][sql] CONNECT:[ UseTime:0.001568s ] mysql:host=127.0.0.1;port=3306;dbname=lemocms_111;charset=utf8mb4
[2020-06-11T11:08:12+08:00][sql] SHOW FULL COLUMNS FROM `lm_auth_rule` [ RunTime:0.001979s ]
[2020-06-11T11:08:12+08:00][sql] SELECT `href`,`href` FROM `lm_auth_rule` [ RunTime:0.000376s ]
[2020-06-11T11:08:12+08:00][sql] SHOW FULL COLUMNS FROM `lm_config` [ RunTime:0.002522s ]
[2020-06-11T11:08:12+08:00][sql] SELECT `code`,`value` FROM `lm_config` WHERE  `type` IN ('site','email','upload','sms') [ RunTime:0.000646s ]
[2020-06-11T11:10:52+08:00][sql] CONNECT:[ UseTime:0.001462s ] mysql:host=127.0.0.1;port=3306;dbname=lemocms_111;charset=utf8mb4
[2020-06-11T11:10:52+08:00][sql] SHOW FULL COLUMNS FROM `lm_auth_rule` [ RunTime:0.000816s ]
[2020-06-11T11:10:52+08:00][sql] SELECT `href`,`href` FROM `lm_auth_rule` [ RunTime:0.000358s ]
[2020-06-11T11:10:52+08:00][sql] CONNECT:[ UseTime:0.001042s ] mysql:host=127.0.0.1;port=3306;dbname=lemocms_111;charset=utf8mb4
[2020-06-11T11:10:52+08:00][sql] SHOW FULL COLUMNS FROM `lm_auth_rule` [ RunTime:0.000641s ]
[2020-06-11T11:10:52+08:00][sql] SELECT `href`,`href` FROM `lm_auth_rule` [ RunTime:0.000231s ]
[2020-06-11T11:10:52+08:00][sql] SELECT * FROM `lm_auth_rule` WHERE  `menu_status` = 1 ORDER BY `sort` ASC [ RunTime:0.000462s ]
[2020-06-11T11:10:52+08:00][sql] SELECT `id` FROM `lm_auth_rule` WHERE  `auth_open` = 1 [ RunTime:0.000338s ]
[2020-06-11T11:10:52+08:00][sql] SELECT `id` FROM `lm_auth_rule` WHERE  `auth_open` = 1 [ RunTime:0.000206s ]
[2020-06-11T11:10:52+08:00][sql] SELECT `id` FROM `lm_auth_rule` WHERE  `auth_open` = 1 [ RunTime:0.000197s ]
[2020-06-11T11:10:52+08:00][sql] SELECT `id` FROM `lm_auth_rule` WHERE  `auth_open` = 1 [ RunTime:0.000186s ]
[2020-06-11T11:10:52+08:00][sql] SELECT `id` FROM `lm_auth_rule` WHERE  `auth_open` = 1 [ RunTime:0.000180s ]
[2020-06-11T11:10:52+08:00][sql] SELECT `id` FROM `lm_auth_rule` WHERE  `auth_open` = 1 [ RunTime:0.000181s ]
[2020-06-11T11:10:52+08:00][sql] SELECT `id` FROM `lm_auth_rule` WHERE  `auth_open` = 1 [ RunTime:0.000181s ]
[2020-06-11T11:10:52+08:00][sql] SELECT `id` FROM `lm_auth_rule` WHERE  `auth_open` = 1 [ RunTime:0.000217s ]
[2020-06-11T11:10:52+08:00][sql] SELECT `id` FROM `lm_auth_rule` WHERE  `auth_open` = 1 [ RunTime:0.000251s ]
[2020-06-11T11:10:52+08:00][sql] SELECT `id` FROM `lm_auth_rule` WHERE  `auth_open` = 1 [ RunTime:0.000198s ]
[2020-06-11T11:10:52+08:00][sql] SELECT `id` FROM `lm_auth_rule` WHERE  `auth_open` = 1 [ RunTime:0.000259s ]
[2020-06-11T11:10:52+08:00][sql] SELECT `id` FROM `lm_auth_rule` WHERE  `auth_open` = 1 [ RunTime:0.000219s ]
[2020-06-11T11:10:52+08:00][sql] SELECT `id` FROM `lm_auth_rule` WHERE  `auth_open` = 1 [ RunTime:0.000191s ]
[2020-06-11T11:10:52+08:00][sql] SELECT `id` FROM `lm_auth_rule` WHERE  `auth_open` = 1 [ RunTime:0.000183s ]
[2020-06-11T11:10:52+08:00][sql] SELECT `id` FROM `lm_auth_rule` WHERE  `auth_open` = 1 [ RunTime:0.000184s ]
[2020-06-11T11:10:52+08:00][sql] SELECT `id` FROM `lm_auth_rule` WHERE  `auth_open` = 1 [ RunTime:0.000184s ]
[2020-06-11T11:10:52+08:00][sql] SELECT `id` FROM `lm_auth_rule` WHERE  `auth_open` = 1 [ RunTime:0.000472s ]
[2020-06-11T11:10:52+08:00][sql] CONNECT:[ UseTime:0.001256s ] mysql:host=127.0.0.1;port=3306;dbname=lemocms_111;charset=utf8mb4
[2020-06-11T11:10:52+08:00][sql] SHOW FULL COLUMNS FROM `lm_auth_rule` [ RunTime:0.001047s ]
[2020-06-11T11:10:52+08:00][sql] SELECT `href`,`href` FROM `lm_auth_rule` [ RunTime:0.000415s ]
[2020-06-11T11:10:52+08:00][error] [0]Argument 1 passed to think\db\PDOConnection::query() must be an instance of think\db\BaseQuery, string given
[2020-06-11T11:11:33+08:00][sql] CONNECT:[ UseTime:0.001215s ] mysql:host=127.0.0.1;port=3306;dbname=lemocms_111;charset=utf8mb4
[2020-06-11T11:11:33+08:00][sql] SHOW FULL COLUMNS FROM `lm_auth_rule` [ RunTime:0.000849s ]
[2020-06-11T11:11:33+08:00][sql] SELECT `href`,`href` FROM `lm_auth_rule` [ RunTime:0.000624s ]
[2020-06-11T11:11:33+08:00][sql] CONNECT:[ UseTime:0.001158s ] mysql:host=127.0.0.1;port=3306;dbname=lemocms_111;charset=utf8mb4
[2020-06-11T11:11:33+08:00][sql] SHOW FULL COLUMNS FROM `lm_auth_rule` [ RunTime:0.000690s ]
[2020-06-11T11:11:33+08:00][sql] SELECT `href`,`href` FROM `lm_auth_rule` [ RunTime:0.000309s ]
[2020-06-11T11:11:33+08:00][sql] SELECT * FROM `lm_auth_rule` WHERE  `menu_status` = 1 ORDER BY `sort` ASC [ RunTime:0.000512s ]
[2020-06-11T11:11:33+08:00][sql] SELECT `id` FROM `lm_auth_rule` WHERE  `auth_open` = 1 [ RunTime:0.000544s ]
[2020-06-11T11:11:33+08:00][sql] SELECT `id` FROM `lm_auth_rule` WHERE  `auth_open` = 1 [ RunTime:0.000292s ]
[2020-06-11T11:11:33+08:00][sql] SELECT `id` FROM `lm_auth_rule` WHERE  `auth_open` = 1 [ RunTime:0.000299s ]
[2020-06-11T11:11:33+08:00][sql] SELECT `id` FROM `lm_auth_rule` WHERE  `auth_open` = 1 [ RunTime:0.000301s ]
[2020-06-11T11:11:33+08:00][sql] SELECT `id` FROM `lm_auth_rule` WHERE  `auth_open` = 1 [ RunTime:0.000345s ]
[2020-06-11T11:11:33+08:00][sql] SELECT `id` FROM `lm_auth_rule` WHERE  `auth_open` = 1 [ RunTime:0.000282s ]
[2020-06-11T11:11:33+08:00][sql] SELECT `id` FROM `lm_auth_rule` WHERE  `auth_open` = 1 [ RunTime:0.000337s ]
[2020-06-11T11:11:33+08:00][sql] SELECT `id` FROM `lm_auth_rule` WHERE  `auth_open` = 1 [ RunTime:0.000335s ]
[2020-06-11T11:11:33+08:00][sql] SELECT `id` FROM `lm_auth_rule` WHERE  `auth_open` = 1 [ RunTime:0.000410s ]
[2020-06-11T11:11:33+08:00][sql] SELECT `id` FROM `lm_auth_rule` WHERE  `auth_open` = 1 [ RunTime:0.000301s ]
[2020-06-11T11:11:33+08:00][sql] SELECT `id` FROM `lm_auth_rule` WHERE  `auth_open` = 1 [ RunTime:0.000323s ]
[2020-06-11T11:11:33+08:00][sql] SELECT `id` FROM `lm_auth_rule` WHERE  `auth_open` = 1 [ RunTime:0.000323s ]
[2020-06-11T11:11:33+08:00][sql] SELECT `id` FROM `lm_auth_rule` WHERE  `auth_open` = 1 [ RunTime:0.000277s ]
[2020-06-11T11:11:33+08:00][sql] SELECT `id` FROM `lm_auth_rule` WHERE  `auth_open` = 1 [ RunTime:0.000367s ]
[2020-06-11T11:11:33+08:00][sql] SELECT `id` FROM `lm_auth_rule` WHERE  `auth_open` = 1 [ RunTime:0.000452s ]
[2020-06-11T11:11:33+08:00][sql] SELECT `id` FROM `lm_auth_rule` WHERE  `auth_open` = 1 [ RunTime:0.000265s ]
[2020-06-11T11:11:33+08:00][sql] SELECT `id` FROM `lm_auth_rule` WHERE  `auth_open` = 1 [ RunTime:0.000261s ]
[2020-06-11T11:11:33+08:00][sql] CONNECT:[ UseTime:0.000988s ] mysql:host=127.0.0.1;port=3306;dbname=lemocms_111;charset=utf8mb4
[2020-06-11T11:11:33+08:00][sql] SHOW FULL COLUMNS FROM `lm_auth_rule` [ RunTime:0.000880s ]
[2020-06-11T11:11:33+08:00][sql] SELECT `href`,`href` FROM `lm_auth_rule` [ RunTime:0.000622s ]
[2020-06-11T11:11:33+08:00][error] [0]Argument 1 passed to think\db\PDOConnection::query() must be an instance of think\db\BaseQuery, string given
[2020-06-11T11:12:40+08:00][sql] CONNECT:[ UseTime:0.010925s ] mysql:host=127.0.0.1;port=3306;dbname=lemocms_111;charset=utf8mb4
[2020-06-11T11:12:40+08:00][sql] SHOW FULL COLUMNS FROM `lm_auth_rule` [ RunTime:0.000854s ]
[2020-06-11T11:12:40+08:00][sql] SELECT `href`,`href` FROM `lm_auth_rule` [ RunTime:0.000346s ]
[2020-06-11T11:12:41+08:00][sql] CONNECT:[ UseTime:0.001086s ] mysql:host=127.0.0.1;port=3306;dbname=lemocms_111;charset=utf8mb4
[2020-06-11T11:12:41+08:00][sql] SHOW FULL COLUMNS FROM `lm_auth_rule` [ RunTime:0.000656s ]
[2020-06-11T11:12:41+08:00][sql] SELECT `href`,`href` FROM `lm_auth_rule` [ RunTime:0.000228s ]
[2020-06-11T11:12:41+08:00][sql] SELECT * FROM `lm_auth_rule` WHERE  `menu_status` = 1 ORDER BY `sort` ASC [ RunTime:0.000446s ]
[2020-06-11T11:12:41+08:00][sql] SELECT `id` FROM `lm_auth_rule` WHERE  `auth_open` = 1 [ RunTime:0.000235s ]
[2020-06-11T11:12:41+08:00][sql] SELECT `id` FROM `lm_auth_rule` WHERE  `auth_open` = 1 [ RunTime:0.000194s ]
[2020-06-11T11:12:41+08:00][sql] SELECT `id` FROM `lm_auth_rule` WHERE  `auth_open` = 1 [ RunTime:0.000267s ]
[2020-06-11T11:12:41+08:00][sql] SELECT `id` FROM `lm_auth_rule` WHERE  `auth_open` = 1 [ RunTime:0.000287s ]
[2020-06-11T11:12:41+08:00][sql] SELECT `id` FROM `lm_auth_rule` WHERE  `auth_open` = 1 [ RunTime:0.000214s ]
[2020-06-11T11:12:41+08:00][sql] SELECT `id` FROM `lm_auth_rule` WHERE  `auth_open` = 1 [ RunTime:0.000213s ]
[2020-06-11T11:12:41+08:00][sql] SELECT `id` FROM `lm_auth_rule` WHERE  `auth_open` = 1 [ RunTime:0.000186s ]
[2020-06-11T11:12:41+08:00][sql] SELECT `id` FROM `lm_auth_rule` WHERE  `auth_open` = 1 [ RunTime:0.000196s ]
[2020-06-11T11:12:41+08:00][sql] SELECT `id` FROM `lm_auth_rule` WHERE  `auth_open` = 1 [ RunTime:0.000508s ]
[2020-06-11T11:12:41+08:00][sql] SELECT `id` FROM `lm_auth_rule` WHERE  `auth_open` = 1 [ RunTime:0.000298s ]
[2020-06-11T11:12:41+08:00][sql] SELECT `id` FROM `lm_auth_rule` WHERE  `auth_open` = 1 [ RunTime:0.000286s ]
[2020-06-11T11:12:41+08:00][sql] SELECT `id` FROM `lm_auth_rule` WHERE  `auth_open` = 1 [ RunTime:0.000207s ]
[2020-06-11T11:12:41+08:00][sql] SELECT `id` FROM `lm_auth_rule` WHERE  `auth_open` = 1 [ RunTime:0.000195s ]
[2020-06-11T11:12:41+08:00][sql] SELECT `id` FROM `lm_auth_rule` WHERE  `auth_open` = 1 [ RunTime:0.000182s ]
[2020-06-11T11:12:41+08:00][sql] SELECT `id` FROM `lm_auth_rule` WHERE  `auth_open` = 1 [ RunTime:0.000191s ]
[2020-06-11T11:12:41+08:00][sql] SELECT `id` FROM `lm_auth_rule` WHERE  `auth_open` = 1 [ RunTime:0.000191s ]
[2020-06-11T11:12:41+08:00][sql] SELECT `id` FROM `lm_auth_rule` WHERE  `auth_open` = 1 [ RunTime:0.000191s ]
[2020-06-11T11:12:41+08:00][sql] CONNECT:[ UseTime:0.001029s ] mysql:host=127.0.0.1;port=3306;dbname=lemocms_111;charset=utf8mb4
[2020-06-11T11:12:41+08:00][sql] SHOW FULL COLUMNS FROM `lm_auth_rule` [ RunTime:0.000641s ]
[2020-06-11T11:12:41+08:00][sql] SELECT `href`,`href` FROM `lm_auth_rule` [ RunTime:0.000225s ]
[2020-06-11T11:12:41+08:00][error] [0]Argument 1 passed to think\db\PDOConnection::query() must be an instance of think\db\BaseQuery, string given
